::1 - - [06/Jan/2019:18:40:03 +0000] "GET / HTTP/1.1" 200 2 "-" "Mozilla/5.0 (X11; Linux x86_64) AppleWebKit/537.36 (KHTML, like Gecko) Ubuntu Chromium/71.0.3578.80 Chrome/71.0.3578.80 Safari/537.36"
::1 - - [06/Jan/2019:18:40:06 +0000] "GET /doc HTTP/1.1" 301 173 "-" "Mozilla/5.0 (X11; Linux x86_64) AppleWebKit/537.36 (KHTML, like Gecko) Ubuntu Chromium/71.0.3578.80 Chrome/71.0.3578.80 Safari/537.36"
::1 - - [06/Jan/2019:18:40:06 +0000] "GET /doc/ HTTP/1.1" 200 3112 "-" "Mozilla/5.0 (X11; Linux x86_64) AppleWebKit/537.36 (KHTML, like Gecko) Ubuntu Chromium/71.0.3578.80 Chrome/71.0.3578.80 Safari/537.36"
::1 - - [06/Jan/2019:18:40:06 +0000] "GET /doc/swagger-ui-init.js HTTP/1.1" 200 1569 "http://localhost:8080/doc/" "Mozilla/5.0 (X11; Linux x86_64) AppleWebKit/537.36 (KHTML, like Gecko) Ubuntu Chromium/71.0.3578.80 Chrome/71.0.3578.80 Safari/537.36"
::1 - - [06/Jan/2019:18:40:06 +0000] "GET /doc/swagger-ui.css HTTP/1.1" 200 153569 "http://localhost:8080/doc/" "Mozilla/5.0 (X11; Linux x86_64) AppleWebKit/537.36 (KHTML, like Gecko) Ubuntu Chromium/71.0.3578.80 Chrome/71.0.3578.80 Safari/537.36"
::1 - - [06/Jan/2019:18:40:06 +0000] "GET /doc/swagger-ui-standalone-preset.js HTTP/1.1" 200 327668 "http://localhost:8080/doc/" "Mozilla/5.0 (X11; Linux x86_64) AppleWebKit/537.36 (KHTML, like Gecko) Ubuntu Chromium/71.0.3578.80 Chrome/71.0.3578.80 Safari/537.36"
::1 - - [06/Jan/2019:18:40:06 +0000] "GET /doc/swagger-ui-bundle.js HTTP/1.1" 200 941209 "http://localhost:8080/doc/" "Mozilla/5.0 (X11; Linux x86_64) AppleWebKit/537.36 (KHTML, like Gecko) Ubuntu Chromium/71.0.3578.80 Chrome/71.0.3578.80 Safari/537.36"
::1 - - [06/Jan/2019:18:40:06 +0000] "GET /doc/favicon-32x32.png HTTP/1.1" 200 1643 "http://localhost:8080/doc/" "Mozilla/5.0 (X11; Linux x86_64) AppleWebKit/537.36 (KHTML, like Gecko) Ubuntu Chromium/71.0.3578.80 Chrome/71.0.3578.80 Safari/537.36"
::1 - - [06/Jan/2019:18:40:06 +0000] "GET /doc/favicon-16x16.png HTTP/1.1" 200 738 "http://localhost:8080/doc/" "Mozilla/5.0 (X11; Linux x86_64) AppleWebKit/537.36 (KHTML, like Gecko) Ubuntu Chromium/71.0.3578.80 Chrome/71.0.3578.80 Safari/537.36"
::1 - - [06/Jan/2019:19:05:41 +0000] "GET /doc/ HTTP/1.1" 304 - "-" "Mozilla/5.0 (X11; Linux x86_64) AppleWebKit/537.36 (KHTML, like Gecko) Ubuntu Chromium/71.0.3578.80 Chrome/71.0.3578.80 Safari/537.36"
::1 - - [06/Jan/2019:19:05:41 +0000] "GET /doc/swagger-ui.css HTTP/1.1" 304 - "http://localhost:8080/doc/" "Mozilla/5.0 (X11; Linux x86_64) AppleWebKit/537.36 (KHTML, like Gecko) Ubuntu Chromium/71.0.3578.80 Chrome/71.0.3578.80 Safari/537.36"
::1 - - [06/Jan/2019:19:05:41 +0000] "GET /doc/swagger-ui-bundle.js HTTP/1.1" 304 - "http://localhost:8080/doc/" "Mozilla/5.0 (X11; Linux x86_64) AppleWebKit/537.36 (KHTML, like Gecko) Ubuntu Chromium/71.0.3578.80 Chrome/71.0.3578.80 Safari/537.36"
::1 - - [06/Jan/2019:19:05:41 +0000] "GET /doc/swagger-ui-standalone-preset.js HTTP/1.1" 304 - "http://localhost:8080/doc/" "Mozilla/5.0 (X11; Linux x86_64) AppleWebKit/537.36 (KHTML, like Gecko) Ubuntu Chromium/71.0.3578.80 Chrome/71.0.3578.80 Safari/537.36"
::1 - - [06/Jan/2019:19:05:41 +0000] "GET /doc/swagger-ui-init.js HTTP/1.1" 200 59268 "http://localhost:8080/doc/" "Mozilla/5.0 (X11; Linux x86_64) AppleWebKit/537.36 (KHTML, like Gecko) Ubuntu Chromium/71.0.3578.80 Chrome/71.0.3578.80 Safari/537.36"
::1 - - [06/Jan/2019:19:05:42 +0000] "GET /doc/favicon-32x32.png HTTP/1.1" 200 1643 "http://localhost:8080/doc/" "Mozilla/5.0 (X11; Linux x86_64) AppleWebKit/537.36 (KHTML, like Gecko) Ubuntu Chromium/71.0.3578.80 Chrome/71.0.3578.80 Safari/537.36"
::1 - - [06/Jan/2019:19:05:42 +0000] "GET /doc/favicon-16x16.png HTTP/1.1" 304 - "http://localhost:8080/doc/" "Mozilla/5.0 (X11; Linux x86_64) AppleWebKit/537.36 (KHTML, like Gecko) Ubuntu Chromium/71.0.3578.80 Chrome/71.0.3578.80 Safari/537.36"
::1 - - [06/Jan/2019:19:05:50 +0000] "GET /api/login/1/user HTTP/1.1" 500 24 "http://localhost:8080/doc/" "Mozilla/5.0 (X11; Linux x86_64) AppleWebKit/537.36 (KHTML, like Gecko) Ubuntu Chromium/71.0.3578.80 Chrome/71.0.3578.80 Safari/537.36"
::1 - - [06/Jan/2019:19:07:09 +0000] "POST /api/user HTTP/1.1" 500 24 "http://localhost:8080/doc/" "Mozilla/5.0 (X11; Linux x86_64) AppleWebKit/537.36 (KHTML, like Gecko) Ubuntu Chromium/71.0.3578.80 Chrome/71.0.3578.80 Safari/537.36"
::1 - - [06/Jan/2019:19:07:34 +0000] "POST /api/user HTTP/1.1" 200 14 "http://localhost:8080/doc/" "Mozilla/5.0 (X11; Linux x86_64) AppleWebKit/537.36 (KHTML, like Gecko) Ubuntu Chromium/71.0.3578.80 Chrome/71.0.3578.80 Safari/537.36"
::1 - - [06/Jan/2019:19:07:39 +0000] "GET /doc/ HTTP/1.1" 304 - "-" "Mozilla/5.0 (X11; Linux x86_64) AppleWebKit/537.36 (KHTML, like Gecko) Ubuntu Chromium/71.0.3578.80 Chrome/71.0.3578.80 Safari/537.36"
::1 - - [06/Jan/2019:19:07:39 +0000] "GET /doc/swagger-ui.css HTTP/1.1" 304 - "http://localhost:8080/doc/" "Mozilla/5.0 (X11; Linux x86_64) AppleWebKit/537.36 (KHTML, like Gecko) Ubuntu Chromium/71.0.3578.80 Chrome/71.0.3578.80 Safari/537.36"
::1 - - [06/Jan/2019:19:07:39 +0000] "GET /doc/swagger-ui-init.js HTTP/1.1" 200 59268 "http://localhost:8080/doc/" "Mozilla/5.0 (X11; Linux x86_64) AppleWebKit/537.36 (KHTML, like Gecko) Ubuntu Chromium/71.0.3578.80 Chrome/71.0.3578.80 Safari/537.36"
::1 - - [06/Jan/2019:19:07:39 +0000] "GET /doc/swagger-ui-bundle.js HTTP/1.1" 304 - "http://localhost:8080/doc/" "Mozilla/5.0 (X11; Linux x86_64) AppleWebKit/537.36 (KHTML, like Gecko) Ubuntu Chromium/71.0.3578.80 Chrome/71.0.3578.80 Safari/537.36"
::1 - - [06/Jan/2019:19:07:39 +0000] "GET /doc/swagger-ui-standalone-preset.js HTTP/1.1" 304 - "http://localhost:8080/doc/" "Mozilla/5.0 (X11; Linux x86_64) AppleWebKit/537.36 (KHTML, like Gecko) Ubuntu Chromium/71.0.3578.80 Chrome/71.0.3578.80 Safari/537.36"
::1 - - [06/Jan/2019:19:07:39 +0000] "GET /doc/favicon-32x32.png HTTP/1.1" 304 - "http://localhost:8080/doc/" "Mozilla/5.0 (X11; Linux x86_64) AppleWebKit/537.36 (KHTML, like Gecko) Ubuntu Chromium/71.0.3578.80 Chrome/71.0.3578.80 Safari/537.36"
::1 - - [06/Jan/2019:19:07:39 +0000] "GET /doc/favicon-16x16.png HTTP/1.1" 304 - "http://localhost:8080/doc/" "Mozilla/5.0 (X11; Linux x86_64) AppleWebKit/537.36 (KHTML, like Gecko) Ubuntu Chromium/71.0.3578.80 Chrome/71.0.3578.80 Safari/537.36"
::1 - - [06/Jan/2019:19:07:52 +0000] "POST /api/User HTTP/1.1" 500 24 "http://localhost:8080/doc/" "Mozilla/5.0 (X11; Linux x86_64) AppleWebKit/537.36 (KHTML, like Gecko) Ubuntu Chromium/71.0.3578.80 Chrome/71.0.3578.80 Safari/537.36"
::1 - - [06/Jan/2019:19:12:59 +0000] "GET /doc/ HTTP/1.1" 304 - "-" "Mozilla/5.0 (X11; Linux x86_64) AppleWebKit/537.36 (KHTML, like Gecko) Ubuntu Chromium/71.0.3578.80 Chrome/71.0.3578.80 Safari/537.36"
::1 - - [06/Jan/2019:19:12:59 +0000] "GET /doc/swagger-ui.css HTTP/1.1" 304 - "http://localhost:8080/doc/" "Mozilla/5.0 (X11; Linux x86_64) AppleWebKit/537.36 (KHTML, like Gecko) Ubuntu Chromium/71.0.3578.80 Chrome/71.0.3578.80 Safari/537.36"
::1 - - [06/Jan/2019:19:12:59 +0000] "GET /doc/swagger-ui-bundle.js HTTP/1.1" 304 - "http://localhost:8080/doc/" "Mozilla/5.0 (X11; Linux x86_64) AppleWebKit/537.36 (KHTML, like Gecko) Ubuntu Chromium/71.0.3578.80 Chrome/71.0.3578.80 Safari/537.36"
::1 - - [06/Jan/2019:19:12:59 +0000] "GET /doc/swagger-ui-init.js HTTP/1.1" 200 59268 "http://localhost:8080/doc/" "Mozilla/5.0 (X11; Linux x86_64) AppleWebKit/537.36 (KHTML, like Gecko) Ubuntu Chromium/71.0.3578.80 Chrome/71.0.3578.80 Safari/537.36"
::1 - - [06/Jan/2019:19:12:59 +0000] "GET /doc/swagger-ui-standalone-preset.js HTTP/1.1" 304 - "http://localhost:8080/doc/" "Mozilla/5.0 (X11; Linux x86_64) AppleWebKit/537.36 (KHTML, like Gecko) Ubuntu Chromium/71.0.3578.80 Chrome/71.0.3578.80 Safari/537.36"
::1 - - [06/Jan/2019:19:12:59 +0000] "GET /doc/favicon-32x32.png HTTP/1.1" 304 - "http://localhost:8080/doc/" "Mozilla/5.0 (X11; Linux x86_64) AppleWebKit/537.36 (KHTML, like Gecko) Ubuntu Chromium/71.0.3578.80 Chrome/71.0.3578.80 Safari/537.36"
::1 - - [06/Jan/2019:19:12:59 +0000] "GET /doc/favicon-16x16.png HTTP/1.1" 304 - "http://localhost:8080/doc/" "Mozilla/5.0 (X11; Linux x86_64) AppleWebKit/537.36 (KHTML, like Gecko) Ubuntu Chromium/71.0.3578.80 Chrome/71.0.3578.80 Safari/537.36"
::1 - - [06/Jan/2019:19:13:11 +0000] "POST /api/user HTTP/1.1" 500 24 "http://localhost:8080/doc/" "Mozilla/5.0 (X11; Linux x86_64) AppleWebKit/537.36 (KHTML, like Gecko) Ubuntu Chromium/71.0.3578.80 Chrome/71.0.3578.80 Safari/537.36"
::1 - - [06/Jan/2019:19:14:47 +0000] "POST /api/user HTTP/1.1" 200 32 "http://localhost:8080/doc/" "Mozilla/5.0 (X11; Linux x86_64) AppleWebKit/537.36 (KHTML, like Gecko) Ubuntu Chromium/71.0.3578.80 Chrome/71.0.3578.80 Safari/537.36"
::1 - - [07/Jan/2019:16:59:09 +0000] "GET / HTTP/1.1" 304 - "-" "Mozilla/5.0 (X11; Linux x86_64) AppleWebKit/537.36 (KHTML, like Gecko) Ubuntu Chromium/71.0.3578.80 Chrome/71.0.3578.80 Safari/537.36"
::1 - - [07/Jan/2019:16:59:12 +0000] "GET /doc/ HTTP/1.1" 304 - "-" "Mozilla/5.0 (X11; Linux x86_64) AppleWebKit/537.36 (KHTML, like Gecko) Ubuntu Chromium/71.0.3578.80 Chrome/71.0.3578.80 Safari/537.36"
::1 - - [07/Jan/2019:16:59:12 +0000] "GET /doc/swagger-ui.css HTTP/1.1" 200 153569 "http://localhost:8080/doc/" "Mozilla/5.0 (X11; Linux x86_64) AppleWebKit/537.36 (KHTML, like Gecko) Ubuntu Chromium/71.0.3578.80 Chrome/71.0.3578.80 Safari/537.36"
::1 - - [07/Jan/2019:16:59:12 +0000] "GET /doc/swagger-ui-bundle.js HTTP/1.1" 200 941209 "http://localhost:8080/doc/" "Mozilla/5.0 (X11; Linux x86_64) AppleWebKit/537.36 (KHTML, like Gecko) Ubuntu Chromium/71.0.3578.80 Chrome/71.0.3578.80 Safari/537.36"
::1 - - [07/Jan/2019:16:59:12 +0000] "GET /doc/swagger-ui-init.js HTTP/1.1" 200 61740 "http://localhost:8080/doc/" "Mozilla/5.0 (X11; Linux x86_64) AppleWebKit/537.36 (KHTML, like Gecko) Ubuntu Chromium/71.0.3578.80 Chrome/71.0.3578.80 Safari/537.36"
::1 - - [07/Jan/2019:16:59:12 +0000] "GET /doc/swagger-ui-standalone-preset.js HTTP/1.1" 200 327668 "http://localhost:8080/doc/" "Mozilla/5.0 (X11; Linux x86_64) AppleWebKit/537.36 (KHTML, like Gecko) Ubuntu Chromium/71.0.3578.80 Chrome/71.0.3578.80 Safari/537.36"
::1 - - [07/Jan/2019:16:59:22 +0000] "POST /api/ext/register HTTP/1.1" 500 29 "http://localhost:8080/doc/" "Mozilla/5.0 (X11; Linux x86_64) AppleWebKit/537.36 (KHTML, like Gecko) Ubuntu Chromium/71.0.3578.80 Chrome/71.0.3578.80 Safari/537.36"
::1 - - [07/Jan/2019:16:59:56 +0000] "POST /api/ext/register HTTP/1.1" 500 29 "http://localhost:8080/doc/" "Mozilla/5.0 (X11; Linux x86_64) AppleWebKit/537.36 (KHTML, like Gecko) Ubuntu Chromium/71.0.3578.80 Chrome/71.0.3578.80 Safari/537.36"
